# JRE version: OpenJDK Runtime Environment GraalVM CE 22.3.0 (17.0.5+8) (build 17.0.5+8-jvmci-22.3-b08)
# Java VM: OpenJDK 64-Bit Server VM GraalVM CE 22.3.0 (17.0.5+8-jvmci-22.3-b08, mixed mode, sharing, tiered, jvmci, jvmci compiler, compressed oops, compressed class ptrs, parallel gc, linux-amd64)
GC Precious Log:
 CPUs: 4 total, 1 available
 Memory: 1024M
 Large Page Support: Disabled
 NUMA Support: Disabled
 Compressed Oops: Enabled (32-bit)
 Alignments: Space 512K, Generation 512K, Heap 2M
 Heap Min Capacity: 100M
 Heap Initial Capacity: 100M
 Heap Max Capacity: 512M
 Pre-touch: Disabled
 Parallel Workers: 1
Heap:
 PSYoungGen      total 46592K, used 34815K [0x00000000f5580000, 0x00000000fac00000, 0x0000000100000000)
  eden space 34816K, 99% used [0x00000000f5580000,0x00000000f777fff8,0x00000000f7780000)
  from space 11776K, 0% used [0x00000000f7780000,0x00000000f7780000,0x00000000f8300000)
  to   space 24576K, 0% used [0x00000000f9400000,0x00000000f9400000,0x00000000fac00000)
 ParOldGen       total 349696K, used 349695K [0x00000000e0000000, 0x00000000f5580000, 0x00000000f5580000)
  object space 349696K, 99% used [0x00000000e0000000,0x00000000f557fff8,0x00000000f5580000)
 Metaspace       used 58771K, committed 59968K, reserved 1105920K
  class space    used 5866K, committed 6336K, reserved 1048576K
GC Heap History (20 events):
Event: 794.488 GC heap before
{Heap before GC invocations=800 (full 678):
 PSYoungGen      total 46592K, used 34815K [0x00000000f5580000, 0x00000000fac00000, 0x0000000100000000)
  eden space 34816K, 99% used [0x00000000f5580000,0x00000000f777ffe0,0x00000000f7780000)
  from space 11776K, 0% used [0x00000000f7780000,0x00000000f7780000,0x00000000f8300000)
  to   space 24576K, 0% used [0x00000000f9400000,0x00000000f9400000,0x00000000fac00000)
 ParOldGen       total 349696K, used 349695K [0x00000000e0000000, 0x00000000f5580000, 0x00000000f5580000)
  object space 349696K, 99% used [0x00000000e0000000,0x00000000f557ffc0,0x00000000f5580000)
 Metaspace       used 58771K, committed 59968K, reserved 1105920K
  class space    used 5866K, committed 6336K, reserved 1048576K
}
Event: 795.729 GC heap after
{Heap after GC invocations=800 (full 678):
 PSYoungGen      total 59392K, used 34815K [0x00000000f5580000, 0x00000000fac00000, 0x0000000100000000)
  eden space 34816K, 99% used [0x00000000f5580000,0x00000000f777ffe0,0x00000000f7780000)
  from space 24576K, 0% used [0x00000000f9400000,0x00000000f9400000,0x00000000fac00000)
  to   space 11776K, 0% used [0x00000000f7780000,0x00000000f7780000,0x00000000f8300000)
 ParOldGen       total 349696K, used 349695K [0x00000000e0000000, 0x00000000f5580000, 0x00000000f5580000)
  object space 349696K, 99% used [0x00000000e0000000,0x00000000f557ffa0,0x00000000f5580000)
 Metaspace       used 58771K, committed 59968K, reserved 1105920K
  class space    used 5866K, committed 6336K, reserved 1048576K
}
Event: 795.729 GC heap before
{Heap before GC invocations=801 (full 679):
 PSYoungGen      total 59392K, used 34816K [0x00000000f5580000, 0x00000000fac00000, 0x0000000100000000)
  eden space 34816K, 100% used [0x00000000f5580000,0x00000000f7780000,0x00000000f7780000)
  from space 24576K, 0% used [0x00000000f9400000,0x00000000f9400000,0x00000000fac00000)
  to   space 11776K, 0% used [0x00000000f7780000,0x00000000f7780000,0x00000000f8300000)
 ParOldGen       total 349696K, used 349695K [0x00000000e0000000, 0x00000000f5580000, 0x00000000f5580000)
  object space 349696K, 99% used [0x00000000e0000000,0x00000000f557ffe8,0x00000000f5580000)
 Metaspace       used 58771K, committed 59968K, reserved 1105920K
  class space    used 5866K, committed 6336K, reserved 1048576K
}
Event: 796.816 GC heap after
{Heap after GC invocations=801 (full 679):
 PSYoungGen      total 46592K, used 34815K [0x00000000f5580000, 0x00000000fac00000, 0x0000000100000000)
  eden space 34816K, 99% used [0x00000000f5580000,0x00000000f777ffe8,0x00000000f7780000)
  from space 11776K, 0% used [0x00000000f7780000,0x00000000f7780000,0x00000000f8300000)
  to   space 24576K, 0% used [0x00000000f9400000,0x00000000f9400000,0x00000000fac00000)
 ParOldGen       total 349696K, used 349695K [0x00000000e0000000, 0x00000000f5580000, 0x00000000f5580000)
  object space 349696K, 99% used [0x00000000e0000000,0x00000000f557ffe8,0x00000000f5580000)
 Metaspace       used 58771K, committed 59968K, reserved 1105920K
  class space    used 5866K, committed 6336K, reserved 1048576K
}
Event: 796.816 GC heap before
{Heap before GC invocations=802 (full 680):
 PSYoungGen      total 46592K, used 34815K [0x00000000f5580000, 0x00000000fac00000, 0x0000000100000000)
  eden space 34816K, 99% used [0x00000000f5580000,0x00000000f777ffe8,0x00000000f7780000)
  from space 11776K, 0% used [0x00000000f7780000,0x00000000f7780000,0x00000000f8300000)
  to   space 24576K, 0% used [0x00000000f9400000,0x00000000f9400000,0x00000000fac00000)
 ParOldGen       total 349696K, used 349695K [0x00000000e0000000, 0x00000000f5580000, 0x00000000f5580000)
  object space 349696K, 99% used [0x00000000e0000000,0x00000000f557ffe8,0x00000000f5580000)
 Metaspace       used 58771K, committed 59968K, reserved 1105920K
  class space    used 5866K, committed 6336K, reserved 1048576K
}
Event: 798.030 GC heap after
{Heap after GC invocations=802 (full 680):
 PSYoungGen      total 59392K, used 34815K [0x00000000f5580000, 0x00000000fac00000, 0x0000000100000000)
  eden space 34816K, 99% used [0x00000000f5580000,0x00000000f777ffe8,0x00000000f7780000)
  from space 24576K, 0% used [0x00000000f9400000,0x00000000f9400000,0x00000000fac00000)
  to   space 11776K, 0% used [0x00000000f7780000,0x00000000f7780000,0x00000000f8300000)
 ParOldGen       total 349696K, used 349695K [0x00000000e0000000, 0x00000000f5580000, 0x00000000f5580000)
  object space 349696K, 99% used [0x00000000e0000000,0x00000000f557ffe8,0x00000000f5580000)
 Metaspace       used 58771K, committed 59968K, reserved 1105920K
  class space    used 5866K, committed 6336K, reserved 1048576K
}
Event: 798.074 GC heap before
{Heap before GC invocations=803 (full 681):
 PSYoungGen      total 59392K, used 34815K [0x00000000f5580000, 0x00000000fac00000, 0x0000000100000000)
  eden space 34816K, 99% used [0x00000000f5580000,0x00000000f777ffe8,0x00000000f7780000)
  from space 24576K, 0% used [0x00000000f9400000,0x00000000f9400000,0x00000000fac00000)
  to   space 11776K, 0% used [0x00000000f7780000,0x00000000f7780000,0x00000000f8300000)
 ParOldGen       total 349696K, used 349695K [0x00000000e0000000, 0x00000000f5580000, 0x00000000f5580000)
  object space 349696K, 99% used [0x00000000e0000000,0x00000000f557ffe8,0x00000000f5580000)
 Metaspace       used 58771K, committed 59968K, reserved 1105920K
  class space    used 5866K, committed 6336K, reserved 1048576K
}
Event: 799.185 GC heap after
{Heap after GC invocations=803 (full 681):
 PSYoungGen      total 46592K, used 34815K [0x00000000f5580000, 0x00000000fac00000, 0x0000000100000000)
  eden space 34816K, 99% used [0x00000000f5580000,0x00000000f777ffc8,0x00000000f7780000)
  from space 11776K, 0% used [0x00000000f7780000,0x00000000f7780000,0x00000000f8300000)
  to   space 24576K, 0% used [0x00000000f9400000,0x00000000f9400000,0x00000000fac00000)
 ParOldGen       total 349696K, used 349694K [0x00000000e0000000, 0x00000000f5580000, 0x00000000f5580000)
  object space 349696K, 99% used [0x00000000e0000000,0x00000000f557fa48,0x00000000f5580000)
 Metaspace       used 58771K, committed 59968K, reserved 1105920K
  class space    used 5866K, committed 6336K, reserved 1048576K
}
Event: 799.185 GC heap before
{Heap before GC invocations=804 (full 682):
 PSYoungGen      total 46592K, used 34815K [0x00000000f5580000, 0x00000000fac00000, 0x0000000100000000)
  eden space 34816K, 99% used [0x00000000f5580000,0x00000000f777fff8,0x00000000f7780000)
  from space 11776K, 0% used [0x00000000f7780000,0x00000000f7780000,0x00000000f8300000)
  to   space 24576K, 0% used [0x00000000f9400000,0x00000000f9400000,0x00000000fac00000)
 ParOldGen       total 349696K, used 349694K [0x00000000e0000000, 0x00000000f5580000, 0x00000000f5580000)
  object space 349696K, 99% used [0x00000000e0000000,0x00000000f557fa48,0x00000000f5580000)
 Metaspace       used 58771K, committed 59968K, reserved 1105920K
  class space    used 5866K, committed 6336K, reserved 1048576K
}
Event: 800.301 GC heap after
{Heap after GC invocations=804 (full 682):
 PSYoungGen      total 59392K, used 34815K [0x00000000f5580000, 0x00000000fac00000, 0x0000000100000000)
  eden space 34816K, 99% used [0x00000000f5580000,0x00000000f777ffe8,0x00000000f7780000)
  from space 24576K, 0% used [0x00000000f9400000,0x00000000f9400000,0x00000000fac00000)
  to   space 11776K, 0% used [0x00000000f7780000,0x00000000f7780000,0x00000000f8300000)
 ParOldGen       total 349696K, used 349694K [0x00000000e0000000, 0x00000000f5580000, 0x00000000f5580000)
  object space 349696K, 99% used [0x00000000e0000000,0x00000000f557fa48,0x00000000f5580000)
 Metaspace       used 58771K, committed 59968K, reserved 1105920K
  class space    used 5866K, committed 6336K, reserved 1048576K
}
Event: 800.301 GC heap before
{Heap before GC invocations=805 (full 683):
 PSYoungGen      total 59392K, used 34815K [0x00000000f5580000, 0x00000000fac00000, 0x0000000100000000)
  eden space 34816K, 99% used [0x00000000f5580000,0x00000000f777fff8,0x00000000f7780000)
  from space 24576K, 0% used [0x00000000f9400000,0x00000000f9400000,0x00000000fac00000)
  to   space 11776K, 0% used [0x00000000f7780000,0x00000000f7780000,0x00000000f8300000)
 ParOldGen       total 349696K, used 349695K [0x00000000e0000000, 0x00000000f5580000, 0x00000000f5580000)
  object space 349696K, 99% used [0x00000000e0000000,0x00000000f557fd18,0x00000000f5580000)
 Metaspace       used 58771K, committed 59968K, reserved 1105920K
  class space    used 5866K, committed 6336K, reserved 1048576K
}
Event: 801.497 GC heap after
{Heap after GC invocations=805 (full 683):
 PSYoungGen      total 46592K, used 34815K [0x00000000f5580000, 0x00000000fac00000, 0x0000000100000000)
  eden space 34816K, 99% used [0x00000000f5580000,0x00000000f777ff70,0x00000000f7780000)
  from space 11776K, 0% used [0x00000000f7780000,0x00000000f7780000,0x00000000f8300000)
  to   space 24576K, 0% used [0x00000000f9400000,0x00000000f9400000,0x00000000fac00000)
 ParOldGen       total 349696K, used 349695K [0x00000000e0000000, 0x00000000f5580000, 0x00000000f5580000)
  object space 349696K, 99% used [0x00000000e0000000,0x00000000f557fc10,0x00000000f5580000)
 Metaspace       used 58771K, committed 59968K, reserved 1105920K
  class space    used 5866K, committed 6336K, reserved 1048576K
}
Event: 801.498 GC heap before
{Heap before GC invocations=806 (full 684):
 PSYoungGen      total 46592K, used 34815K [0x00000000f5580000, 0x00000000fac00000, 0x0000000100000000)
  eden space 34816K, 99% used [0x00000000f5580000,0x00000000f777ff70,0x00000000f7780000)
  from space 11776K, 0% used [0x00000000f7780000,0x00000000f7780000,0x00000000f8300000)
  to   space 24576K, 0% used [0x00000000f9400000,0x00000000f9400000,0x00000000fac00000)
 ParOldGen       total 349696K, used 349695K [0x00000000e0000000, 0x00000000f5580000, 0x00000000f5580000)
  object space 349696K, 99% used [0x00000000e0000000,0x00000000f557fc10,0x00000000f5580000)
 Metaspace       used 58771K, committed 59968K, reserved 1105920K
  class space    used 5866K, committed 6336K, reserved 1048576K
}
Event: 802.620 GC heap after
{Heap after GC invocations=806 (full 684):
 PSYoungGen      total 59392K, used 34815K [0x00000000f5580000, 0x00000000fac00000, 0x0000000100000000)
  eden space 34816K, 99% used [0x00000000f5580000,0x00000000f777ff70,0x00000000f7780000)
  from space 24576K, 0% used [0x00000000f9400000,0x00000000f9400000,0x00000000fac00000)
  to   space 11776K, 0% used [0x00000000f7780000,0x00000000f7780000,0x00000000f8300000)
 ParOldGen       total 349696K, used 349695K [0x00000000e0000000, 0x00000000f5580000, 0x00000000f5580000)
  object space 349696K, 99% used [0x00000000e0000000,0x00000000f557fc10,0x00000000f5580000)
 Metaspace       used 58771K, committed 59968K, reserved 1105920K
  class space    used 5866K, committed 6336K, reserved 1048576K
}
Event: 802.620 GC heap before
{Heap before GC invocations=807 (full 685):
 PSYoungGen      total 59392K, used 34816K [0x00000000f5580000, 0x00000000fac00000, 0x0000000100000000)
  eden space 34816K, 100% used [0x00000000f5580000,0x00000000f7780000,0x00000000f7780000)
  from space 24576K, 0% used [0x00000000f9400000,0x00000000f9400000,0x00000000fac00000)
  to   space 11776K, 0% used [0x00000000f7780000,0x00000000f7780000,0x00000000f8300000)
 ParOldGen       total 349696K, used 349695K [0x00000000e0000000, 0x00000000f5580000, 0x00000000f5580000)
  object space 349696K, 99% used [0x00000000e0000000,0x00000000f557fff0,0x00000000f5580000)
 Metaspace       used 58771K, committed 59968K, reserved 1105920K
  class space    used 5866K, committed 6336K, reserved 1048576K
}
Event: 804.015 GC heap after
{Heap after GC invocations=807 (full 685):
 PSYoungGen      total 46592K, used 34816K [0x00000000f5580000, 0x00000000fac00000, 0x0000000100000000)
  eden space 34816K, 100% used [0x00000000f5580000,0x00000000f7780000,0x00000000f7780000)
  from space 11776K, 0% used [0x00000000f7780000,0x00000000f7780000,0x00000000f8300000)
  to   space 24576K, 0% used [0x00000000f9400000,0x00000000f9400000,0x00000000fac00000)
 ParOldGen       total 349696K, used 349695K [0x00000000e0000000, 0x00000000f5580000, 0x00000000f5580000)
  object space 349696K, 99% used [0x00000000e0000000,0x00000000f557fc48,0x00000000f5580000)
 Metaspace       used 58771K, committed 59968K, reserved 1105920K
  class space    used 5866K, committed 6336K, reserved 1048576K
}
Event: 804.018 GC heap before
{Heap before GC invocations=808 (full 686):
 PSYoungGen      total 46592K, used 34816K [0x00000000f5580000, 0x00000000fac00000, 0x0000000100000000)
  eden space 34816K, 100% used [0x00000000f5580000,0x00000000f7780000,0x00000000f7780000)
  from space 11776K, 0% used [0x00000000f7780000,0x00000000f7780000,0x00000000f8300000)
  to   space 24576K, 0% used [0x00000000f9400000,0x00000000f9400000,0x00000000fac00000)
 ParOldGen       total 349696K, used 349695K [0x00000000e0000000, 0x00000000f5580000, 0x00000000f5580000)
  object space 349696K, 99% used [0x00000000e0000000,0x00000000f557fca8,0x00000000f5580000)
 Metaspace       used 58771K, committed 59968K, reserved 1105920K
  class space    used 5866K, committed 6336K, reserved 1048576K
}
Event: 805.186 GC heap after
{Heap after GC invocations=808 (full 686):
 PSYoungGen      total 59392K, used 34816K [0x00000000f5580000, 0x00000000fac00000, 0x0000000100000000)
  eden space 34816K, 100% used [0x00000000f5580000,0x00000000f7780000,0x00000000f7780000)
  from space 24576K, 0% used [0x00000000f9400000,0x00000000f9400000,0x00000000fac00000)
  to   space 11776K, 0% used [0x00000000f7780000,0x00000000f7780000,0x00000000f8300000)
 ParOldGen       total 349696K, used 349695K [0x00000000e0000000, 0x00000000f5580000, 0x00000000f5580000)
  object space 349696K, 99% used [0x00000000e0000000,0x00000000f557fca8,0x00000000f5580000)
 Metaspace       used 58771K, committed 59968K, reserved 1105920K
  class space    used 5866K, committed 6336K, reserved 1048576K
}
Event: 805.188 GC heap before
{Heap before GC invocations=809 (full 687):
 PSYoungGen      total 59392K, used 34816K [0x00000000f5580000, 0x00000000fac00000, 0x0000000100000000)
  eden space 34816K, 100% used [0x00000000f5580000,0x00000000f7780000,0x00000000f7780000)
  from space 24576K, 0% used [0x00000000f9400000,0x00000000f9400000,0x00000000fac00000)
  to   space 11776K, 0% used [0x00000000f7780000,0x00000000f7780000,0x00000000f8300000)
 ParOldGen       total 349696K, used 349695K [0x00000000e0000000, 0x00000000f5580000, 0x00000000f5580000)
  object space 349696K, 99% used [0x00000000e0000000,0x00000000f557fff8,0x00000000f5580000)
 Metaspace       used 58771K, committed 59968K, reserved 1105920K
  class space    used 5866K, committed 6336K, reserved 1048576K
}
Event: 806.419 GC heap after
{Heap after GC invocations=809 (full 687):
 PSYoungGen      total 46592K, used 34815K [0x00000000f5580000, 0x00000000fac00000, 0x0000000100000000)
  eden space 34816K, 99% used [0x00000000f5580000,0x00000000f777ff20,0x00000000f7780000)
  from space 11776K, 0% used [0x00000000f7780000,0x00000000f7780000,0x00000000f8300000)
  to   space 24576K, 0% used [0x00000000f9400000,0x00000000f9400000,0x00000000fac00000)
 ParOldGen       total 349696K, used 349695K [0x00000000e0000000, 0x00000000f5580000, 0x00000000f5580000)
  object space 349696K, 99% used [0x00000000e0000000,0x00000000f557fff8,0x00000000f5580000)
 Metaspace       used 58771K, committed 59968K, reserved 1105920K
  class space    used 5866K, committed 6336K, reserved 1048576K
}

