# JRE version: OpenJDK Runtime Environment GraalVM CE 22.3.0 (17.0.5+8) (build 17.0.5+8-jvmci-22.3-b08)
# Java VM: OpenJDK 64-Bit Server VM GraalVM CE 22.3.0 (17.0.5+8-jvmci-22.3-b08, mixed mode, sharing, tiered, jvmci, jvmci compiler, compressed oops, compressed class ptrs, parallel gc, linux-amd64)
GC Precious Log:
 CPUs: 4 total, 1 available
 Memory: 1024M
 Large Page Support: Disabled
 NUMA Support: Disabled
 Compressed Oops: Enabled (32-bit)
 Alignments: Space 512K, Generation 512K, Heap 2M
 Heap Min Capacity: 100M
 Heap Initial Capacity: 100M
 Heap Max Capacity: 512M
 Pre-touch: Disabled
 Parallel Workers: 1
Heap:
 PSYoungGen      total 36864K, used 27135K [0x00000000f5580000, 0x00000000f8480000, 0x0000000100000000)
  eden space 27136K, 99% used [0x00000000f5580000,0x00000000f6fffff0,0x00000000f7000000)
  from space 9728K, 0% used [0x00000000f7980000,0x00000000f7980000,0x00000000f8300000)
  to   space 9728K, 0% used [0x00000000f7000000,0x00000000f7000000,0x00000000f7980000)
 ParOldGen       total 349696K, used 349695K [0x00000000e0000000, 0x00000000f5580000, 0x00000000f5580000)
  object space 349696K, 99% used [0x00000000e0000000,0x00000000f557ff38,0x00000000f5580000)
 Metaspace       used 60932K, committed 62144K, reserved 1105920K
  class space    used 6004K, committed 6464K, reserved 1048576K
GC Heap History (20 events):
Event: 1139.908 GC heap before
{Heap before GC invocations=643 (full 537):
 PSYoungGen      total 36864K, used 27136K [0x00000000f5580000, 0x00000000f8480000, 0x0000000100000000)
  eden space 27136K, 100% used [0x00000000f5580000,0x00000000f7000000,0x00000000f7000000)
  from space 9728K, 0% used [0x00000000f7980000,0x00000000f7980000,0x00000000f8300000)
  to   space 9728K, 0% used [0x00000000f7000000,0x00000000f7000000,0x00000000f7980000)
 ParOldGen       total 349696K, used 349687K [0x00000000e0000000, 0x00000000f5580000, 0x00000000f5580000)
  object space 349696K, 99% used [0x00000000e0000000,0x00000000f557dfe8,0x00000000f5580000)
 Metaspace       used 60932K, committed 62144K, reserved 1105920K
  class space    used 6004K, committed 6464K, reserved 1048576K
}
Event: 1141.223 GC heap after
{Heap after GC invocations=643 (full 537):
 PSYoungGen      total 36864K, used 27135K [0x00000000f5580000, 0x00000000f8480000, 0x0000000100000000)
  eden space 27136K, 99% used [0x00000000f5580000,0x00000000f6ffffc8,0x00000000f7000000)
  from space 9728K, 0% used [0x00000000f7000000,0x00000000f7000000,0x00000000f7980000)
  to   space 9728K, 0% used [0x00000000f7980000,0x00000000f7980000,0x00000000f8300000)
 ParOldGen       total 349696K, used 349687K [0x00000000e0000000, 0x00000000f5580000, 0x00000000f5580000)
  object space 349696K, 99% used [0x00000000e0000000,0x00000000f557dfe8,0x00000000f5580000)
 Metaspace       used 60932K, committed 62144K, reserved 1105920K
  class space    used 6004K, committed 6464K, reserved 1048576K
}
Event: 1141.224 GC heap before
{Heap before GC invocations=644 (full 538):
 PSYoungGen      total 36864K, used 27136K [0x00000000f5580000, 0x00000000f8480000, 0x0000000100000000)
  eden space 27136K, 100% used [0x00000000f5580000,0x00000000f7000000,0x00000000f7000000)
  from space 9728K, 0% used [0x00000000f7000000,0x00000000f7000000,0x00000000f7980000)
  to   space 9728K, 0% used [0x00000000f7980000,0x00000000f7980000,0x00000000f8300000)
 ParOldGen       total 349696K, used 349687K [0x00000000e0000000, 0x00000000f5580000, 0x00000000f5580000)
  object space 349696K, 99% used [0x00000000e0000000,0x00000000f557dfe8,0x00000000f5580000)
 Metaspace       used 60932K, committed 62144K, reserved 1105920K
  class space    used 6004K, committed 6464K, reserved 1048576K
}
Event: 1143.241 GC heap after
{Heap after GC invocations=644 (full 538):
 PSYoungGen      total 36864K, used 27136K [0x00000000f5580000, 0x00000000f8480000, 0x0000000100000000)
  eden space 27136K, 100% used [0x00000000f5580000,0x00000000f7000000,0x00000000f7000000)
  from space 9728K, 0% used [0x00000000f7980000,0x00000000f7980000,0x00000000f8300000)
  to   space 9728K, 0% used [0x00000000f7000000,0x00000000f7000000,0x00000000f7980000)
 ParOldGen       total 349696K, used 349687K [0x00000000e0000000, 0x00000000f5580000, 0x00000000f5580000)
  object space 349696K, 99% used [0x00000000e0000000,0x00000000f557dfe8,0x00000000f5580000)
 Metaspace       used 60932K, committed 62144K, reserved 1105920K
  class space    used 6004K, committed 6464K, reserved 1048576K
}
Event: 1143.243 GC heap before
{Heap before GC invocations=645 (full 539):
 PSYoungGen      total 36864K, used 27136K [0x00000000f5580000, 0x00000000f8480000, 0x0000000100000000)
  eden space 27136K, 100% used [0x00000000f5580000,0x00000000f7000000,0x00000000f7000000)
  from space 9728K, 0% used [0x00000000f7980000,0x00000000f7980000,0x00000000f8300000)
  to   space 9728K, 0% used [0x00000000f7000000,0x00000000f7000000,0x00000000f7980000)
 ParOldGen       total 349696K, used 349690K [0x00000000e0000000, 0x00000000f5580000, 0x00000000f5580000)
  object space 349696K, 99% used [0x00000000e0000000,0x00000000f557e820,0x00000000f5580000)
 Metaspace       used 60932K, committed 62144K, reserved 1105920K
  class space    used 6004K, committed 6464K, reserved 1048576K
}
Event: 1145.723 GC heap after
{Heap after GC invocations=645 (full 539):
 PSYoungGen      total 36864K, used 27135K [0x00000000f5580000, 0x00000000f8480000, 0x0000000100000000)
  eden space 27136K, 99% used [0x00000000f5580000,0x00000000f6ffffd0,0x00000000f7000000)
  from space 9728K, 0% used [0x00000000f7000000,0x00000000f7000000,0x00000000f7980000)
  to   space 9728K, 0% used [0x00000000f7980000,0x00000000f7980000,0x00000000f8300000)
 ParOldGen       total 349696K, used 349689K [0x00000000e0000000, 0x00000000f5580000, 0x00000000f5580000)
  object space 349696K, 99% used [0x00000000e0000000,0x00000000f557e458,0x00000000f5580000)
 Metaspace       used 60932K, committed 62144K, reserved 1105920K
  class space    used 6004K, committed 6464K, reserved 1048576K
}
Event: 1145.733 GC heap before
{Heap before GC invocations=646 (full 540):
 PSYoungGen      total 36864K, used 27136K [0x00000000f5580000, 0x00000000f8480000, 0x0000000100000000)
  eden space 27136K, 100% used [0x00000000f5580000,0x00000000f7000000,0x00000000f7000000)
  from space 9728K, 0% used [0x00000000f7000000,0x00000000f7000000,0x00000000f7980000)
  to   space 9728K, 0% used [0x00000000f7980000,0x00000000f7980000,0x00000000f8300000)
 ParOldGen       total 349696K, used 349689K [0x00000000e0000000, 0x00000000f5580000, 0x00000000f5580000)
  object space 349696K, 99% used [0x00000000e0000000,0x00000000f557e458,0x00000000f5580000)
 Metaspace       used 60932K, committed 62144K, reserved 1105920K
  class space    used 6004K, committed 6464K, reserved 1048576K
}
Event: 1148.295 GC heap after
{Heap after GC invocations=646 (full 540):
 PSYoungGen      total 36864K, used 27136K [0x00000000f5580000, 0x00000000f8480000, 0x0000000100000000)
  eden space 27136K, 100% used [0x00000000f5580000,0x00000000f7000000,0x00000000f7000000)
  from space 9728K, 0% used [0x00000000f7980000,0x00000000f7980000,0x00000000f8300000)
  to   space 9728K, 0% used [0x00000000f7000000,0x00000000f7000000,0x00000000f7980000)
 ParOldGen       total 349696K, used 349689K [0x00000000e0000000, 0x00000000f5580000, 0x00000000f5580000)
  object space 349696K, 99% used [0x00000000e0000000,0x00000000f557e458,0x00000000f5580000)
 Metaspace       used 60932K, committed 62144K, reserved 1105920K
  class space    used 6004K, committed 6464K, reserved 1048576K
}
Event: 1148.305 GC heap before
{Heap before GC invocations=647 (full 541):
 PSYoungGen      total 36864K, used 27136K [0x00000000f5580000, 0x00000000f8480000, 0x0000000100000000)
  eden space 27136K, 100% used [0x00000000f5580000,0x00000000f7000000,0x00000000f7000000)
  from space 9728K, 0% used [0x00000000f7980000,0x00000000f7980000,0x00000000f8300000)
  to   space 9728K, 0% used [0x00000000f7000000,0x00000000f7000000,0x00000000f7980000)
 ParOldGen       total 349696K, used 349690K [0x00000000e0000000, 0x00000000f5580000, 0x00000000f5580000)
  object space 349696K, 99% used [0x00000000e0000000,0x00000000f557eba0,0x00000000f5580000)
 Metaspace       used 60932K, committed 62144K, reserved 1105920K
  class space    used 6004K, committed 6464K, reserved 1048576K
}
Event: 1150.708 GC heap after
{Heap after GC invocations=647 (full 541):
 PSYoungGen      total 36864K, used 27135K [0x00000000f5580000, 0x00000000f8480000, 0x0000000100000000)
  eden space 27136K, 99% used [0x00000000f5580000,0x00000000f6ffff50,0x00000000f7000000)
  from space 9728K, 0% used [0x00000000f7000000,0x00000000f7000000,0x00000000f7980000)
  to   space 9728K, 0% used [0x00000000f7980000,0x00000000f7980000,0x00000000f8300000)
 ParOldGen       total 349696K, used 349690K [0x00000000e0000000, 0x00000000f5580000, 0x00000000f5580000)
  object space 349696K, 99% used [0x00000000e0000000,0x00000000f557eb28,0x00000000f5580000)
 Metaspace       used 60932K, committed 62144K, reserved 1105920K
  class space    used 6004K, committed 6464K, reserved 1048576K
}
Event: 1150.717 GC heap before
{Heap before GC invocations=648 (full 542):
 PSYoungGen      total 36864K, used 27135K [0x00000000f5580000, 0x00000000f8480000, 0x0000000100000000)
  eden space 27136K, 99% used [0x00000000f5580000,0x00000000f6ffff80,0x00000000f7000000)
  from space 9728K, 0% used [0x00000000f7000000,0x00000000f7000000,0x00000000f7980000)
  to   space 9728K, 0% used [0x00000000f7980000,0x00000000f7980000,0x00000000f8300000)
 ParOldGen       total 349696K, used 349690K [0x00000000e0000000, 0x00000000f5580000, 0x00000000f5580000)
  object space 349696K, 99% used [0x00000000e0000000,0x00000000f557eb28,0x00000000f5580000)
 Metaspace       used 60932K, committed 62144K, reserved 1105920K
  class space    used 6004K, committed 6464K, reserved 1048576K
}
Event: 1152.544 GC heap after
{Heap after GC invocations=648 (full 542):
 PSYoungGen      total 36864K, used 27135K [0x00000000f5580000, 0x00000000f8480000, 0x0000000100000000)
  eden space 27136K, 99% used [0x00000000f5580000,0x00000000f6ffff80,0x00000000f7000000)
  from space 9728K, 0% used [0x00000000f7980000,0x00000000f7980000,0x00000000f8300000)
  to   space 9728K, 0% used [0x00000000f7000000,0x00000000f7000000,0x00000000f7980000)
 ParOldGen       total 349696K, used 349690K [0x00000000e0000000, 0x00000000f5580000, 0x00000000f5580000)
  object space 349696K, 99% used [0x00000000e0000000,0x00000000f557eb10,0x00000000f5580000)
 Metaspace       used 60932K, committed 62144K, reserved 1105920K
  class space    used 6004K, committed 6464K, reserved 1048576K
}
Event: 1152.558 GC heap before
{Heap before GC invocations=649 (full 543):
 PSYoungGen      total 36864K, used 27135K [0x00000000f5580000, 0x00000000f8480000, 0x0000000100000000)
  eden space 27136K, 99% used [0x00000000f5580000,0x00000000f6fffff8,0x00000000f7000000)
  from space 9728K, 0% used [0x00000000f7980000,0x00000000f7980000,0x00000000f8300000)
  to   space 9728K, 0% used [0x00000000f7000000,0x00000000f7000000,0x00000000f7980000)
 ParOldGen       total 349696K, used 349695K [0x00000000e0000000, 0x00000000f5580000, 0x00000000f5580000)
  object space 349696K, 99% used [0x00000000e0000000,0x00000000f557fd30,0x00000000f5580000)
 Metaspace       used 60932K, committed 62144K, reserved 1105920K
  class space    used 6004K, committed 6464K, reserved 1048576K
}
Event: 1154.256 GC heap after
{Heap after GC invocations=649 (full 543):
 PSYoungGen      total 36864K, used 27134K [0x00000000f5580000, 0x00000000f8480000, 0x0000000100000000)
  eden space 27136K, 99% used [0x00000000f5580000,0x00000000f6fffbf8,0x00000000f7000000)
  from space 9728K, 0% used [0x00000000f7000000,0x00000000f7000000,0x00000000f7980000)
  to   space 9728K, 0% used [0x00000000f7980000,0x00000000f7980000,0x00000000f8300000)
 ParOldGen       total 349696K, used 349695K [0x00000000e0000000, 0x00000000f5580000, 0x00000000f5580000)
  object space 349696K, 99% used [0x00000000e0000000,0x00000000f557fc10,0x00000000f5580000)
 Metaspace       used 60932K, committed 62144K, reserved 1105920K
  class space    used 6004K, committed 6464K, reserved 1048576K
}
Event: 1154.257 GC heap before
{Heap before GC invocations=650 (full 544):
 PSYoungGen      total 36864K, used 27135K [0x00000000f5580000, 0x00000000f8480000, 0x0000000100000000)
  eden space 27136K, 99% used [0x00000000f5580000,0x00000000f6fffeb8,0x00000000f7000000)
  from space 9728K, 0% used [0x00000000f7000000,0x00000000f7000000,0x00000000f7980000)
  to   space 9728K, 0% used [0x00000000f7980000,0x00000000f7980000,0x00000000f8300000)
 ParOldGen       total 349696K, used 349695K [0x00000000e0000000, 0x00000000f5580000, 0x00000000f5580000)
  object space 349696K, 99% used [0x00000000e0000000,0x00000000f557fc10,0x00000000f5580000)
 Metaspace       used 60932K, committed 62144K, reserved 1105920K
  class space    used 6004K, committed 6464K, reserved 1048576K
}
Event: 1156.893 GC heap after
{Heap after GC invocations=650 (full 544):
 PSYoungGen      total 36864K, used 27135K [0x00000000f5580000, 0x00000000f8480000, 0x0000000100000000)
  eden space 27136K, 99% used [0x00000000f5580000,0x00000000f6fffeb8,0x00000000f7000000)
  from space 9728K, 0% used [0x00000000f7980000,0x00000000f7980000,0x00000000f8300000)
  to   space 9728K, 0% used [0x00000000f7000000,0x00000000f7000000,0x00000000f7980000)
 ParOldGen       total 349696K, used 349694K [0x00000000e0000000, 0x00000000f5580000, 0x00000000f5580000)
  object space 349696K, 99% used [0x00000000e0000000,0x00000000f557fba8,0x00000000f5580000)
 Metaspace       used 60932K, committed 62144K, reserved 1105920K
  class space    used 6004K, committed 6464K, reserved 1048576K
}
Event: 1156.894 GC heap before
{Heap before GC invocations=651 (full 545):
 PSYoungGen      total 36864K, used 27136K [0x00000000f5580000, 0x00000000f8480000, 0x0000000100000000)
  eden space 27136K, 100% used [0x00000000f5580000,0x00000000f7000000,0x00000000f7000000)
  from space 9728K, 0% used [0x00000000f7980000,0x00000000f7980000,0x00000000f8300000)
  to   space 9728K, 0% used [0x00000000f7000000,0x00000000f7000000,0x00000000f7980000)
 ParOldGen       total 349696K, used 349695K [0x00000000e0000000, 0x00000000f5580000, 0x00000000f5580000)
  object space 349696K, 99% used [0x00000000e0000000,0x00000000f557ff38,0x00000000f5580000)
 Metaspace       used 60932K, committed 62144K, reserved 1105920K
  class space    used 6004K, committed 6464K, reserved 1048576K
}
Event: 1158.435 GC heap after
{Heap after GC invocations=651 (full 545):
 PSYoungGen      total 36864K, used 27135K [0x00000000f5580000, 0x00000000f8480000, 0x0000000100000000)
  eden space 27136K, 99% used [0x00000000f5580000,0x00000000f6fffff0,0x00000000f7000000)
  from space 9728K, 0% used [0x00000000f7000000,0x00000000f7000000,0x00000000f7980000)
  to   space 9728K, 0% used [0x00000000f7980000,0x00000000f7980000,0x00000000f8300000)
 ParOldGen       total 349696K, used 349695K [0x00000000e0000000, 0x00000000f5580000, 0x00000000f5580000)
  object space 349696K, 99% used [0x00000000e0000000,0x00000000f557ff38,0x00000000f5580000)
 Metaspace       used 60932K, committed 62144K, reserved 1105920K
  class space    used 6004K, committed 6464K, reserved 1048576K
}
Event: 1158.435 GC heap before
{Heap before GC invocations=652 (full 546):
 PSYoungGen      total 36864K, used 27135K [0x00000000f5580000, 0x00000000f8480000, 0x0000000100000000)
  eden space 27136K, 99% used [0x00000000f5580000,0x00000000f6fffff0,0x00000000f7000000)
  from space 9728K, 0% used [0x00000000f7000000,0x00000000f7000000,0x00000000f7980000)
  to   space 9728K, 0% used [0x00000000f7980000,0x00000000f7980000,0x00000000f8300000)
 ParOldGen       total 349696K, used 349695K [0x00000000e0000000, 0x00000000f5580000, 0x00000000f5580000)
  object space 349696K, 99% used [0x00000000e0000000,0x00000000f557ff38,0x00000000f5580000)
 Metaspace       used 60932K, committed 62144K, reserved 1105920K
  class space    used 6004K, committed 6464K, reserved 1048576K
}
Event: 1160.124 GC heap after
{Heap after GC invocations=652 (full 546):
 PSYoungGen      total 36864K, used 27135K [0x00000000f5580000, 0x00000000f8480000, 0x0000000100000000)
  eden space 27136K, 99% used [0x00000000f5580000,0x00000000f6fffff0,0x00000000f7000000)
  from space 9728K, 0% used [0x00000000f7980000,0x00000000f7980000,0x00000000f8300000)
  to   space 9728K, 0% used [0x00000000f7000000,0x00000000f7000000,0x00000000f7980000)
 ParOldGen       total 349696K, used 349695K [0x00000000e0000000, 0x00000000f5580000, 0x00000000f5580000)
  object space 349696K, 99% used [0x00000000e0000000,0x00000000f557ff38,0x00000000f5580000)
 Metaspace       used 60932K, committed 62144K, reserved 1105920K
  class space    used 6004K, committed 6464K, reserved 1048576K
}

