# JRE version: OpenJDK Runtime Environment GraalVM CE 22.3.0 (17.0.5+8) (build 17.0.5+8-jvmci-22.3-b08)
# Java VM: OpenJDK 64-Bit Server VM GraalVM CE 22.3.0 (17.0.5+8-jvmci-22.3-b08, mixed mode, sharing, tiered, jvmci, jvmci compiler, compressed oops, compressed class ptrs, parallel gc, linux-amd64)
GC Precious Log:
 CPUs: 4 total, 1 available
 Memory: 1024M
 Large Page Support: Disabled
 NUMA Support: Disabled
 Compressed Oops: Enabled (32-bit)
 Alignments: Space 512K, Generation 512K, Heap 2M
 Heap Min Capacity: 100M
 Heap Initial Capacity: 100M
 Heap Max Capacity: 512M
 Pre-touch: Disabled
 Parallel Workers: 1
Heap:
 PSYoungGen      total 40448K, used 27136K [0x00000000f5580000, 0x00000000f8c80000, 0x0000000100000000)
  eden space 27136K, 100% used [0x00000000f5580000,0x00000000f7000000,0x00000000f7000000)
  from space 13312K, 0% used [0x00000000f7e00000,0x00000000f7e00000,0x00000000f8b00000)
  to   space 13824K, 0% used [0x00000000f7000000,0x00000000f7000000,0x00000000f7d80000)
 ParOldGen       total 349696K, used 349695K [0x00000000e0000000, 0x00000000f5580000, 0x00000000f5580000)
  object space 349696K, 99% used [0x00000000e0000000,0x00000000f557ffb8,0x00000000f5580000)
 Metaspace       used 60583K, committed 61760K, reserved 1105920K
  class space    used 5968K, committed 6400K, reserved 1048576K
GC Heap History (20 events):
Event: 923.230 GC heap before
{Heap before GC invocations=806 (full 703):
 PSYoungGen      total 40448K, used 27136K [0x00000000f5580000, 0x00000000f8c80000, 0x0000000100000000)
  eden space 27136K, 100% used [0x00000000f5580000,0x00000000f7000000,0x00000000f7000000)
  from space 13312K, 0% used [0x00000000f7e00000,0x00000000f7e00000,0x00000000f8b00000)
  to   space 13824K, 0% used [0x00000000f7000000,0x00000000f7000000,0x00000000f7d80000)
 ParOldGen       total 349696K, used 349695K [0x00000000e0000000, 0x00000000f5580000, 0x00000000f5580000)
  object space 349696K, 99% used [0x00000000e0000000,0x00000000f557fff8,0x00000000f5580000)
 Metaspace       used 60583K, committed 61760K, reserved 1105920K
  class space    used 5968K, committed 6400K, reserved 1048576K
}
Event: 924.428 GC heap after
{Heap after GC invocations=806 (full 703):
 PSYoungGen      total 40960K, used 27136K [0x00000000f5580000, 0x00000000f8c80000, 0x0000000100000000)
  eden space 27136K, 100% used [0x00000000f5580000,0x00000000f7000000,0x00000000f7000000)
  from space 13824K, 0% used [0x00000000f7000000,0x00000000f7000000,0x00000000f7d80000)
  to   space 13312K, 0% used [0x00000000f7e00000,0x00000000f7e00000,0x00000000f8b00000)
 ParOldGen       total 349696K, used 349695K [0x00000000e0000000, 0x00000000f5580000, 0x00000000f5580000)
  object space 349696K, 99% used [0x00000000e0000000,0x00000000f557fff8,0x00000000f5580000)
 Metaspace       used 60583K, committed 61760K, reserved 1105920K
  class space    used 5968K, committed 6400K, reserved 1048576K
}
Event: 924.431 GC heap before
{Heap before GC invocations=807 (full 704):
 PSYoungGen      total 40960K, used 27136K [0x00000000f5580000, 0x00000000f8c80000, 0x0000000100000000)
  eden space 27136K, 100% used [0x00000000f5580000,0x00000000f7000000,0x00000000f7000000)
  from space 13824K, 0% used [0x00000000f7000000,0x00000000f7000000,0x00000000f7d80000)
  to   space 13312K, 0% used [0x00000000f7e00000,0x00000000f7e00000,0x00000000f8b00000)
 ParOldGen       total 349696K, used 349695K [0x00000000e0000000, 0x00000000f5580000, 0x00000000f5580000)
  object space 349696K, 99% used [0x00000000e0000000,0x00000000f557fff8,0x00000000f5580000)
 Metaspace       used 60583K, committed 61760K, reserved 1105920K
  class space    used 5968K, committed 6400K, reserved 1048576K
}
Event: 925.481 GC heap after
{Heap after GC invocations=807 (full 704):
 PSYoungGen      total 40448K, used 27136K [0x00000000f5580000, 0x00000000f8c80000, 0x0000000100000000)
  eden space 27136K, 100% used [0x00000000f5580000,0x00000000f7000000,0x00000000f7000000)
  from space 13312K, 0% used [0x00000000f7e00000,0x00000000f7e00000,0x00000000f8b00000)
  to   space 13824K, 0% used [0x00000000f7000000,0x00000000f7000000,0x00000000f7d80000)
 ParOldGen       total 349696K, used 349695K [0x00000000e0000000, 0x00000000f5580000, 0x00000000f5580000)
  object space 349696K, 99% used [0x00000000e0000000,0x00000000f557fd30,0x00000000f5580000)
 Metaspace       used 60583K, committed 61760K, reserved 1105920K
  class space    used 5968K, committed 6400K, reserved 1048576K
}
Event: 925.481 GC heap before
{Heap before GC invocations=808 (full 705):
 PSYoungGen      total 40448K, used 27136K [0x00000000f5580000, 0x00000000f8c80000, 0x0000000100000000)
  eden space 27136K, 100% used [0x00000000f5580000,0x00000000f7000000,0x00000000f7000000)
  from space 13312K, 0% used [0x00000000f7e00000,0x00000000f7e00000,0x00000000f8b00000)
  to   space 13824K, 0% used [0x00000000f7000000,0x00000000f7000000,0x00000000f7d80000)
 ParOldGen       total 349696K, used 349695K [0x00000000e0000000, 0x00000000f5580000, 0x00000000f5580000)
  object space 349696K, 99% used [0x00000000e0000000,0x00000000f557fe50,0x00000000f5580000)
 Metaspace       used 60583K, committed 61760K, reserved 1105920K
  class space    used 5968K, committed 6400K, reserved 1048576K
}
Event: 926.867 GC heap after
{Heap after GC invocations=808 (full 705):
 PSYoungGen      total 40960K, used 27136K [0x00000000f5580000, 0x00000000f8c80000, 0x0000000100000000)
  eden space 27136K, 100% used [0x00000000f5580000,0x00000000f7000000,0x00000000f7000000)
  from space 13824K, 0% used [0x00000000f7000000,0x00000000f7000000,0x00000000f7d80000)
  to   space 13312K, 0% used [0x00000000f7e00000,0x00000000f7e00000,0x00000000f8b00000)
 ParOldGen       total 349696K, used 349695K [0x00000000e0000000, 0x00000000f5580000, 0x00000000f5580000)
  object space 349696K, 99% used [0x00000000e0000000,0x00000000f557fe38,0x00000000f5580000)
 Metaspace       used 60583K, committed 61760K, reserved 1105920K
  class space    used 5968K, committed 6400K, reserved 1048576K
}
Event: 926.870 GC heap before
{Heap before GC invocations=809 (full 706):
 PSYoungGen      total 40960K, used 27136K [0x00000000f5580000, 0x00000000f8c80000, 0x0000000100000000)
  eden space 27136K, 100% used [0x00000000f5580000,0x00000000f7000000,0x00000000f7000000)
  from space 13824K, 0% used [0x00000000f7000000,0x00000000f7000000,0x00000000f7d80000)
  to   space 13312K, 0% used [0x00000000f7e00000,0x00000000f7e00000,0x00000000f8b00000)
 ParOldGen       total 349696K, used 349695K [0x00000000e0000000, 0x00000000f5580000, 0x00000000f5580000)
  object space 349696K, 99% used [0x00000000e0000000,0x00000000f557fff0,0x00000000f5580000)
 Metaspace       used 60583K, committed 61760K, reserved 1105920K
  class space    used 5968K, committed 6400K, reserved 1048576K
}
Event: 927.920 GC heap after
{Heap after GC invocations=809 (full 706):
 PSYoungGen      total 40448K, used 27136K [0x00000000f5580000, 0x00000000f8c80000, 0x0000000100000000)
  eden space 27136K, 100% used [0x00000000f5580000,0x00000000f7000000,0x00000000f7000000)
  from space 13312K, 0% used [0x00000000f7e00000,0x00000000f7e00000,0x00000000f8b00000)
  to   space 13824K, 0% used [0x00000000f7000000,0x00000000f7000000,0x00000000f7d80000)
 ParOldGen       total 349696K, used 349695K [0x00000000e0000000, 0x00000000f5580000, 0x00000000f5580000)
  object space 349696K, 99% used [0x00000000e0000000,0x00000000f557fff0,0x00000000f5580000)
 Metaspace       used 60583K, committed 61760K, reserved 1105920K
  class space    used 5968K, committed 6400K, reserved 1048576K
}
Event: 927.920 GC heap before
{Heap before GC invocations=810 (full 707):
 PSYoungGen      total 40448K, used 27136K [0x00000000f5580000, 0x00000000f8c80000, 0x0000000100000000)
  eden space 27136K, 100% used [0x00000000f5580000,0x00000000f7000000,0x00000000f7000000)
  from space 13312K, 0% used [0x00000000f7e00000,0x00000000f7e00000,0x00000000f8b00000)
  to   space 13824K, 0% used [0x00000000f7000000,0x00000000f7000000,0x00000000f7d80000)
 ParOldGen       total 349696K, used 349695K [0x00000000e0000000, 0x00000000f5580000, 0x00000000f5580000)
  object space 349696K, 99% used [0x00000000e0000000,0x00000000f557fff0,0x00000000f5580000)
 Metaspace       used 60583K, committed 61760K, reserved 1105920K
  class space    used 5968K, committed 6400K, reserved 1048576K
}
Event: 929.138 GC heap after
{Heap after GC invocations=810 (full 707):
 PSYoungGen      total 40960K, used 27136K [0x00000000f5580000, 0x00000000f8c80000, 0x0000000100000000)
  eden space 27136K, 100% used [0x00000000f5580000,0x00000000f7000000,0x00000000f7000000)
  from space 13824K, 0% used [0x00000000f7000000,0x00000000f7000000,0x00000000f7d80000)
  to   space 13312K, 0% used [0x00000000f7e00000,0x00000000f7e00000,0x00000000f8b00000)
 ParOldGen       total 349696K, used 349695K [0x00000000e0000000, 0x00000000f5580000, 0x00000000f5580000)
  object space 349696K, 99% used [0x00000000e0000000,0x00000000f557fff0,0x00000000f5580000)
 Metaspace       used 60583K, committed 61760K, reserved 1105920K
  class space    used 5968K, committed 6400K, reserved 1048576K
}
Event: 929.140 GC heap before
{Heap before GC invocations=811 (full 708):
 PSYoungGen      total 40960K, used 27136K [0x00000000f5580000, 0x00000000f8c80000, 0x0000000100000000)
  eden space 27136K, 100% used [0x00000000f5580000,0x00000000f7000000,0x00000000f7000000)
  from space 13824K, 0% used [0x00000000f7000000,0x00000000f7000000,0x00000000f7d80000)
  to   space 13312K, 0% used [0x00000000f7e00000,0x00000000f7e00000,0x00000000f8b00000)
 ParOldGen       total 349696K, used 349695K [0x00000000e0000000, 0x00000000f5580000, 0x00000000f5580000)
  object space 349696K, 99% used [0x00000000e0000000,0x00000000f557fff0,0x00000000f5580000)
 Metaspace       used 60583K, committed 61760K, reserved 1105920K
  class space    used 5968K, committed 6400K, reserved 1048576K
}
Event: 930.416 GC heap after
{Heap after GC invocations=811 (full 708):
 PSYoungGen      total 40448K, used 27136K [0x00000000f5580000, 0x00000000f8c80000, 0x0000000100000000)
  eden space 27136K, 100% used [0x00000000f5580000,0x00000000f7000000,0x00000000f7000000)
  from space 13312K, 0% used [0x00000000f7e00000,0x00000000f7e00000,0x00000000f8b00000)
  to   space 13824K, 0% used [0x00000000f7000000,0x00000000f7000000,0x00000000f7d80000)
 ParOldGen       total 349696K, used 349693K [0x00000000e0000000, 0x00000000f5580000, 0x00000000f5580000)
  object space 349696K, 99% used [0x00000000e0000000,0x00000000f557f458,0x00000000f5580000)
 Metaspace       used 60583K, committed 61760K, reserved 1105920K
  class space    used 5968K, committed 6400K, reserved 1048576K
}
Event: 930.416 GC heap before
{Heap before GC invocations=812 (full 709):
 PSYoungGen      total 40448K, used 27136K [0x00000000f5580000, 0x00000000f8c80000, 0x0000000100000000)
  eden space 27136K, 100% used [0x00000000f5580000,0x00000000f7000000,0x00000000f7000000)
  from space 13312K, 0% used [0x00000000f7e00000,0x00000000f7e00000,0x00000000f8b00000)
  to   space 13824K, 0% used [0x00000000f7000000,0x00000000f7000000,0x00000000f7d80000)
 ParOldGen       total 349696K, used 349694K [0x00000000e0000000, 0x00000000f5580000, 0x00000000f5580000)
  object space 349696K, 99% used [0x00000000e0000000,0x00000000f557f938,0x00000000f5580000)
 Metaspace       used 60583K, committed 61760K, reserved 1105920K
  class space    used 5968K, committed 6400K, reserved 1048576K
}
Event: 931.568 GC heap after
{Heap after GC invocations=812 (full 709):
 PSYoungGen      total 40960K, used 27135K [0x00000000f5580000, 0x00000000f8c80000, 0x0000000100000000)
  eden space 27136K, 99% used [0x00000000f5580000,0x00000000f6ffff88,0x00000000f7000000)
  from space 13824K, 0% used [0x00000000f7000000,0x00000000f7000000,0x00000000f7d80000)
  to   space 13312K, 0% used [0x00000000f7e00000,0x00000000f7e00000,0x00000000f8b00000)
 ParOldGen       total 349696K, used 349694K [0x00000000e0000000, 0x00000000f5580000, 0x00000000f5580000)
  object space 349696K, 99% used [0x00000000e0000000,0x00000000f557f8e0,0x00000000f5580000)
 Metaspace       used 60583K, committed 61760K, reserved 1105920K
  class space    used 5968K, committed 6400K, reserved 1048576K
}
Event: 931.570 GC heap before
{Heap before GC invocations=813 (full 710):
 PSYoungGen      total 40960K, used 27136K [0x00000000f5580000, 0x00000000f8c80000, 0x0000000100000000)
  eden space 27136K, 100% used [0x00000000f5580000,0x00000000f7000000,0x00000000f7000000)
  from space 13824K, 0% used [0x00000000f7000000,0x00000000f7000000,0x00000000f7d80000)
  to   space 13312K, 0% used [0x00000000f7e00000,0x00000000f7e00000,0x00000000f8b00000)
 ParOldGen       total 349696K, used 349694K [0x00000000e0000000, 0x00000000f5580000, 0x00000000f5580000)
  object space 349696K, 99% used [0x00000000e0000000,0x00000000f557f8e0,0x00000000f5580000)
 Metaspace       used 60583K, committed 61760K, reserved 1105920K
  class space    used 5968K, committed 6400K, reserved 1048576K
}
Event: 932.663 GC heap after
{Heap after GC invocations=813 (full 710):
 PSYoungGen      total 40448K, used 27136K [0x00000000f5580000, 0x00000000f8c80000, 0x0000000100000000)
  eden space 27136K, 100% used [0x00000000f5580000,0x00000000f7000000,0x00000000f7000000)
  from space 13312K, 0% used [0x00000000f7e00000,0x00000000f7e00000,0x00000000f8b00000)
  to   space 13824K, 0% used [0x00000000f7000000,0x00000000f7000000,0x00000000f7d80000)
 ParOldGen       total 349696K, used 349694K [0x00000000e0000000, 0x00000000f5580000, 0x00000000f5580000)
  object space 349696K, 99% used [0x00000000e0000000,0x00000000f557f8e0,0x00000000f5580000)
 Metaspace       used 60583K, committed 61760K, reserved 1105920K
  class space    used 5968K, committed 6400K, reserved 1048576K
}
Event: 932.663 GC heap before
{Heap before GC invocations=814 (full 711):
 PSYoungGen      total 40448K, used 27136K [0x00000000f5580000, 0x00000000f8c80000, 0x0000000100000000)
  eden space 27136K, 100% used [0x00000000f5580000,0x00000000f7000000,0x00000000f7000000)
  from space 13312K, 0% used [0x00000000f7e00000,0x00000000f7e00000,0x00000000f8b00000)
  to   space 13824K, 0% used [0x00000000f7000000,0x00000000f7000000,0x00000000f7d80000)
 ParOldGen       total 349696K, used 349695K [0x00000000e0000000, 0x00000000f5580000, 0x00000000f5580000)
  object space 349696K, 99% used [0x00000000e0000000,0x00000000f557ff10,0x00000000f5580000)
 Metaspace       used 60583K, committed 61760K, reserved 1105920K
  class space    used 5968K, committed 6400K, reserved 1048576K
}
Event: 933.842 GC heap after
{Heap after GC invocations=814 (full 711):
 PSYoungGen      total 40960K, used 27135K [0x00000000f5580000, 0x00000000f8c80000, 0x0000000100000000)
  eden space 27136K, 99% used [0x00000000f5580000,0x00000000f6ffffb8,0x00000000f7000000)
  from space 13824K, 0% used [0x00000000f7000000,0x00000000f7000000,0x00000000f7d80000)
  to   space 13312K, 0% used [0x00000000f7e00000,0x00000000f7e00000,0x00000000f8b00000)
 ParOldGen       total 349696K, used 349695K [0x00000000e0000000, 0x00000000f5580000, 0x00000000f5580000)
  object space 349696K, 99% used [0x00000000e0000000,0x00000000f557fe90,0x00000000f5580000)
 Metaspace       used 60583K, committed 61760K, reserved 1105920K
  class space    used 5968K, committed 6400K, reserved 1048576K
}
Event: 933.842 GC heap before
{Heap before GC invocations=815 (full 712):
 PSYoungGen      total 40960K, used 27135K [0x00000000f5580000, 0x00000000f8c80000, 0x0000000100000000)
  eden space 27136K, 99% used [0x00000000f5580000,0x00000000f6ffffb8,0x00000000f7000000)
  from space 13824K, 0% used [0x00000000f7000000,0x00000000f7000000,0x00000000f7d80000)
  to   space 13312K, 0% used [0x00000000f7e00000,0x00000000f7e00000,0x00000000f8b00000)
 ParOldGen       total 349696K, used 349695K [0x00000000e0000000, 0x00000000f5580000, 0x00000000f5580000)
  object space 349696K, 99% used [0x00000000e0000000,0x00000000f557fe90,0x00000000f5580000)
 Metaspace       used 60583K, committed 61760K, reserved 1105920K
  class space    used 5968K, committed 6400K, reserved 1048576K
}
Event: 934.979 GC heap after
{Heap after GC invocations=815 (full 712):
 PSYoungGen      total 40448K, used 27135K [0x00000000f5580000, 0x00000000f8c80000, 0x0000000100000000)
  eden space 27136K, 99% used [0x00000000f5580000,0x00000000f6ffffb8,0x00000000f7000000)
  from space 13312K, 0% used [0x00000000f7e00000,0x00000000f7e00000,0x00000000f8b00000)
  to   space 13824K, 0% used [0x00000000f7000000,0x00000000f7000000,0x00000000f7d80000)
 ParOldGen       total 349696K, used 349695K [0x00000000e0000000, 0x00000000f5580000, 0x00000000f5580000)
  object space 349696K, 99% used [0x00000000e0000000,0x00000000f557fe40,0x00000000f5580000)
 Metaspace       used 60583K, committed 61760K, reserved 1105920K
  class space    used 5968K, committed 6400K, reserved 1048576K
}

